Beginning Export Process Thu Feb 01 10:28:39 2018
D:\DATA\PIM\Josep Tarrago\171120_EXPS3_SW620\AIAEXPRT.AIA\SW620 6h_UGln_R1_PIM_SIM_01.CDF Translated at Thu Feb 01 10:28:39 2018 Elapsed: 0 sec
D:\DATA\PIM\Josep Tarrago\171120_EXPS3_SW620\AIAEXPRT.AIA\SW620 6h_UGln_R1_PIM_SIM_02.CDF Translated at Thu Feb 01 10:28:39 2018 Elapsed: 1 sec
D:\DATA\PIM\Josep Tarrago\171120_EXPS3_SW620\AIAEXPRT.AIA\SW620_24h_12Glc_R1_PIM_SIM_01.CDF Translated at Thu Feb 01 10:28:40 2018 Elapsed: 0 sec
D:\DATA\PIM\Josep Tarrago\171120_EXPS3_SW620\AIAEXPRT.AIA\SW620_24h_12Glc_R1_PIM_SIM_02.CDF Translated at Thu Feb 01 10:28:40 2018 Elapsed: 1 sec
D:\DATA\PIM\Josep Tarrago\171120_EXPS3_SW620\AIAEXPRT.AIA\SW620_24h_12Glc_R2_PIM_SIM_01.CDF Translated at Thu Feb 01 10:28:41 2018 Elapsed: 0 sec
D:\DATA\PIM\Josep Tarrago\171120_EXPS3_SW620\AIAEXPRT.AIA\SW620_24h_12Glc_R2_PIM_SIM_02.CDF Translated at Thu Feb 01 10:28:41 2018 Elapsed: 1 sec
D:\DATA\PIM\Josep Tarrago\171120_EXPS3_SW620\AIAEXPRT.AIA\SW620_24h_12Glc_R3_PIM_SIM_01.CDF Translated at Thu Feb 01 10:28:42 2018 Elapsed: 0 sec
D:\DATA\PIM\Josep Tarrago\171120_EXPS3_SW620\AIAEXPRT.AIA\SW620_24h_12Glc_R3_PIM_SIM_02.CDF Translated at Thu Feb 01 10:28:42 2018 Elapsed: 1 sec
D:\DATA\PIM\Josep Tarrago\171120_EXPS3_SW620\AIAEXPRT.AIA\SW620_24h_cold_R1_PIM_SIM_011.CDF Translated at Thu Feb 01 10:28:43 2018 Elapsed: 0 sec
D:\DATA\PIM\Josep Tarrago\171120_EXPS3_SW620\AIAEXPRT.AIA\SW620_24h_cold_R1_PIM_SIM_02.CDF Translated at Thu Feb 01 10:28:43 2018 Elapsed: 1 sec
D:\DATA\PIM\Josep Tarrago\171120_EXPS3_SW620\AIAEXPRT.AIA\SW620_24h_cold_R2_PIM_SIM_01.CDF Translated at Thu Feb 01 10:28:44 2018 Elapsed: 0 sec
D:\DATA\PIM\Josep Tarrago\171120_EXPS3_SW620\AIAEXPRT.AIA\SW620_24h_cold_R2_PIM_SIM_02.CDF Translated at Thu Feb 01 10:28:44 2018 Elapsed: 1 sec
D:\DATA\PIM\Josep Tarrago\171120_EXPS3_SW620\AIAEXPRT.AIA\SW620_24h_UGln_R1_PIM_SIM_01.CDF Translated at Thu Feb 01 10:28:45 2018 Elapsed: 0 sec
D:\DATA\PIM\Josep Tarrago\171120_EXPS3_SW620\AIAEXPRT.AIA\SW620_24h_UGln_R1_PIM_SIM_02.CDF Translated at Thu Feb 01 10:28:45 2018 Elapsed: 1 sec
D:\DATA\PIM\Josep Tarrago\171120_EXPS3_SW620\AIAEXPRT.AIA\SW620_24h_UGln_R2_PIM_SIM_01.CDF Translated at Thu Feb 01 10:28:46 2018 Elapsed: 0 sec
D:\DATA\PIM\Josep Tarrago\171120_EXPS3_SW620\AIAEXPRT.AIA\SW620_24h_UGln_R2_PIM_SIM_02.CDF Translated at Thu Feb 01 10:28:46 2018 Elapsed: 1 sec
D:\DATA\PIM\Josep Tarrago\171120_EXPS3_SW620\AIAEXPRT.AIA\SW620_24h_UGln_R3_PIM_SIM_01.CDF Translated at Thu Feb 01 10:28:47 2018 Elapsed: 1 sec
D:\DATA\PIM\Josep Tarrago\171120_EXPS3_SW620\AIAEXPRT.AIA\SW620_24h_UGln_R3_PIM_SIM_02.CDF Translated at Thu Feb 01 10:28:48 2018 Elapsed: 0 sec
D:\DATA\PIM\Josep Tarrago\171120_EXPS3_SW620\AIAEXPRT.AIA\SW620_6h_12Glc_R1_PIM_SIM_01.CDF Translated at Thu Feb 01 10:28:48 2018 Elapsed: 0 sec
D:\DATA\PIM\Josep Tarrago\171120_EXPS3_SW620\AIAEXPRT.AIA\SW620_6h_12Glc_R1_PIM_SIM_02.CDF Translated at Thu Feb 01 10:28:48 2018 Elapsed: 1 sec
D:\DATA\PIM\Josep Tarrago\171120_EXPS3_SW620\AIAEXPRT.AIA\SW620_6h_12Glc_R2_PIM_SIM_01.CDF Translated at Thu Feb 01 10:28:49 2018 Elapsed: 0 sec
D:\DATA\PIM\Josep Tarrago\171120_EXPS3_SW620\AIAEXPRT.AIA\SW620_6h_12Glc_R2_PIM_SIM_02.CDF Translated at Thu Feb 01 10:28:49 2018 Elapsed: 1 sec
D:\DATA\PIM\Josep Tarrago\171120_EXPS3_SW620\AIAEXPRT.AIA\SW620_6h_12Glc_R3_PIM_SIM_01.CDF Translated at Thu Feb 01 10:28:50 2018 Elapsed: 0 sec
D:\DATA\PIM\Josep Tarrago\171120_EXPS3_SW620\AIAEXPRT.AIA\SW620_6h_12Glc_R3_PIM_SIM_02.CDF Translated at Thu Feb 01 10:28:50 2018 Elapsed: 1 sec
D:\DATA\PIM\Josep Tarrago\171120_EXPS3_SW620\AIAEXPRT.AIA\SW620_6h_UGln_R2_PIM_SIM_01.CDF Translated at Thu Feb 01 10:28:51 2018 Elapsed: 0 sec
D:\DATA\PIM\Josep Tarrago\171120_EXPS3_SW620\AIAEXPRT.AIA\SW620_6h_UGln_R2_PIM_SIM_02.CDF Translated at Thu Feb 01 10:28:51 2018 Elapsed: 1 sec
D:\DATA\PIM\Josep Tarrago\171120_EXPS3_SW620\AIAEXPRT.AIA\SW620_6h_UGln_R3_PIM_SIM_01.CDF Translated at Thu Feb 01 10:28:52 2018 Elapsed: 1 sec
D:\DATA\PIM\Josep Tarrago\171120_EXPS3_SW620\AIAEXPRT.AIA\SW620_6h_UGln_R3_PIM_SIM_02.CDF Translated at Thu Feb 01 10:28:53 2018 Elapsed: 0 sec
